# JRE version: Java(TM) SE Runtime Environment (8.0_221-b11) (build 1.8.0_221-b11)
# Java VM: Java HotSpot(TM) 64-Bit Server VM (25.221-b11 mixed mode windows-amd64 compressed oops)
Heap:
 PSYoungGen      total 153600K, used 132608K [0x00000000f5580000, 0x0000000100000000, 0x0000000100000000)
  eden space 132608K, 100% used [0x00000000f5580000,0x00000000fd700000,0x00000000fd700000)
  from space 20992K, 0% used [0x00000000fd700000,0x00000000fd700000,0x00000000feb80000)
  to   space 19968K, 37% used [0x00000000fec80000,0x00000000ff3c55e8,0x0000000100000000)
 ParOldGen       total 349696K, used 180233K [0x00000000e0000000, 0x00000000f5580000, 0x00000000f5580000)
  object space 349696K, 51% used [0x00000000e0000000,0x00000000eb002738,0x00000000f5580000)
 Metaspace       used 127775K, capacity 134454K, committed 140800K, reserved 1171456K
  class space    used 16363K, capacity 17691K, committed 18944K, reserved 1048576K
GC Heap History (10 events):
Event: 702.628 GC heap after
Heap after GC invocations=68 (full 4):
 PSYoungGen      total 158208K, used 2955K [0x00000000f5580000, 0x00000000fff80000, 0x0000000100000000)
  eden space 142336K, 0% used [0x00000000f5580000,0x00000000f5580000,0x00000000fe080000)
  from space 15872K, 18% used [0x00000000ff000000,0x00000000ff2e2fc8,0x00000000fff80000)
  to   space 15872K, 0% used [0x00000000fe080000,0x00000000fe080000,0x00000000ff000000)
 ParOldGen       total 349696K, used 314493K [0x00000000e0000000, 0x00000000f5580000, 0x00000000f5580000)
  object space 349696K, 89% used [0x00000000e0000000,0x00000000f331f5e8,0x00000000f5580000)
 Metaspace       used 131854K, capacity 140571K, committed 140800K, reserved 1171456K
  class space    used 17119K, capacity 18931K, committed 18944K, reserved 1048576K
}
Event: 703.332 GC heap before
{Heap before GC invocations=69 (full 4):
 PSYoungGen      total 158208K, used 145291K [0x00000000f5580000, 0x00000000fff80000, 0x0000000100000000)
  eden space 142336K, 100% used [0x00000000f5580000,0x00000000fe080000,0x00000000fe080000)
  from space 15872K, 18% used [0x00000000ff000000,0x00000000ff2e2fc8,0x00000000fff80000)
  to   space 15872K, 0% used [0x00000000fe080000,0x00000000fe080000,0x00000000ff000000)
 ParOldGen       total 349696K, used 317000K [0x00000000e0000000, 0x00000000f5580000, 0x00000000f5580000)
  object space 349696K, 90% used [0x00000000e0000000,0x00000000f35920f0,0x00000000f5580000)
 Metaspace       used 131858K, capacity 140571K, committed 140800K, reserved 1171456K
  class space    used 17119K, capacity 18931K, committed 18944K, reserved 1048576K
Event: 703.351 GC heap after
Heap after GC invocations=69 (full 4):
 PSYoungGen      total 158208K, used 8027K [0x00000000f5580000, 0x00000000fff00000, 0x0000000100000000)
  eden space 142336K, 0% used [0x00000000f5580000,0x00000000f5580000,0x00000000fe080000)
  from space 15872K, 50% used [0x00000000fe080000,0x00000000fe856ca8,0x00000000ff000000)
  to   space 15360K, 0% used [0x00000000ff000000,0x00000000ff000000,0x00000000fff00000)
 ParOldGen       total 349696K, used 319015K [0x00000000e0000000, 0x00000000f5580000, 0x00000000f5580000)
  object space 349696K, 91% used [0x00000000e0000000,0x00000000f3789d00,0x00000000f5580000)
 Metaspace       used 131858K, capacity 140571K, committed 140800K, reserved 1171456K
  class space    used 17119K, capacity 18931K, committed 18944K, reserved 1048576K
}
Event: 703.752 GC heap before
{Heap before GC invocations=70 (full 4):
 PSYoungGen      total 158208K, used 150363K [0x00000000f5580000, 0x00000000fff00000, 0x0000000100000000)
  eden space 142336K, 100% used [0x00000000f5580000,0x00000000fe080000,0x00000000fe080000)
  from space 15872K, 50% used [0x00000000fe080000,0x00000000fe856ca8,0x00000000ff000000)
  to   space 15360K, 0% used [0x00000000ff000000,0x00000000ff000000,0x00000000fff00000)
 ParOldGen       total 349696K, used 319016K [0x00000000e0000000, 0x00000000f5580000, 0x00000000f5580000)
  object space 349696K, 91% used [0x00000000e0000000,0x00000000f378a370,0x00000000f5580000)
 Metaspace       used 131882K, capacity 140571K, committed 140800K, reserved 1171456K
  class space    used 17121K, capacity 18931K, committed 18944K, reserved 1048576K
Event: 703.790 GC heap after
Heap after GC invocations=70 (full 4):
 PSYoungGen      total 147968K, used 15337K [0x00000000f5580000, 0x0000000100000000, 0x0000000100000000)
  eden space 132608K, 0% used [0x00000000f5580000,0x00000000f5580000,0x00000000fd700000)
  from space 15360K, 99% used [0x00000000ff000000,0x00000000ffefa4b8,0x00000000fff00000)
  to   space 20992K, 0% used [0x00000000fd700000,0x00000000fd700000,0x00000000feb80000)
 ParOldGen       total 349696K, used 327686K [0x00000000e0000000, 0x00000000f5580000, 0x00000000f5580000)
  object space 349696K, 93% used [0x00000000e0000000,0x00000000f4001bf8,0x00000000f5580000)
 Metaspace       used 131882K, capacity 140571K, committed 140800K, reserved 1171456K
  class space    used 17121K, capacity 18931K, committed 18944K, reserved 1048576K
}
Event: 704.226 GC heap before
{Heap before GC invocations=71 (full 4):
 PSYoungGen      total 147968K, used 147945K [0x00000000f5580000, 0x0000000100000000, 0x0000000100000000)
  eden space 132608K, 100% used [0x00000000f5580000,0x00000000fd700000,0x00000000fd700000)
  from space 15360K, 99% used [0x00000000ff000000,0x00000000ffefa4b8,0x00000000fff00000)
  to   space 20992K, 0% used [0x00000000fd700000,0x00000000fd700000,0x00000000feb80000)
 ParOldGen       total 349696K, used 327686K [0x00000000e0000000, 0x00000000f5580000, 0x00000000f5580000)
  object space 349696K, 93% used [0x00000000e0000000,0x00000000f4001bf8,0x00000000f5580000)
 Metaspace       used 131902K, capacity 140639K, committed 140800K, reserved 1171456K
  class space    used 17123K, capacity 18931K, committed 18944K, reserved 1048576K
Event: 704.267 GC heap after
Heap after GC invocations=71 (full 4):
 PSYoungGen      total 153600K, used 5162K [0x00000000f5580000, 0x0000000100000000, 0x0000000100000000)
  eden space 132608K, 0% used [0x00000000f5580000,0x00000000f5580000,0x00000000fd700000)
  from space 20992K, 24% used [0x00000000fd700000,0x00000000fdc0abe8,0x00000000feb80000)
  to   space 19968K, 0% used [0x00000000fec80000,0x00000000fec80000,0x0000000100000000)
 ParOldGen       total 349696K, used 342789K [0x00000000e0000000, 0x00000000f5580000, 0x00000000f5580000)
  object space 349696K, 98% used [0x00000000e0000000,0x00000000f4ec16c8,0x00000000f5580000)
 Metaspace       used 131902K, capacity 140639K, committed 140800K, reserved 1171456K
  class space    used 17123K, capacity 18931K, committed 18944K, reserved 1048576K
}
Event: 704.267 GC heap before
{Heap before GC invocations=72 (full 5):
 PSYoungGen      total 153600K, used 5162K [0x00000000f5580000, 0x0000000100000000, 0x0000000100000000)
  eden space 132608K, 0% used [0x00000000f5580000,0x00000000f5580000,0x00000000fd700000)
  from space 20992K, 24% used [0x00000000fd700000,0x00000000fdc0abe8,0x00000000feb80000)
  to   space 19968K, 0% used [0x00000000fec80000,0x00000000fec80000,0x0000000100000000)
 ParOldGen       total 349696K, used 342789K [0x00000000e0000000, 0x00000000f5580000, 0x00000000f5580000)
  object space 349696K, 98% used [0x00000000e0000000,0x00000000f4ec16c8,0x00000000f5580000)
 Metaspace       used 131902K, capacity 140639K, committed 140800K, reserved 1171456K
  class space    used 17123K, capacity 18931K, committed 18944K, reserved 1048576K
Event: 705.333 GC heap after
Heap after GC invocations=72 (full 5):
 PSYoungGen      total 153600K, used 0K [0x00000000f5580000, 0x0000000100000000, 0x0000000100000000)
  eden space 132608K, 0% used [0x00000000f5580000,0x00000000f5580000,0x00000000fd700000)
  from space 20992K, 0% used [0x00000000fd700000,0x00000000fd700000,0x00000000feb80000)
  to   space 19968K, 0% used [0x00000000fec80000,0x00000000fec80000,0x0000000100000000)
 ParOldGen       total 349696K, used 180225K [0x00000000e0000000, 0x00000000f5580000, 0x00000000f5580000)
  object space 349696K, 51% used [0x00000000e0000000,0x00000000eb000738,0x00000000f5580000)
 Metaspace       used 127755K, capacity 134444K, committed 140800K, reserved 1171456K
  class space    used 16362K, capacity 17690K, committed 18944K, reserved 1048576K
}
Event: 705.916 GC heap before
{Heap before GC invocations=73 (full 5):
 PSYoungGen      total 153600K, used 132608K [0x00000000f5580000, 0x0000000100000000, 0x0000000100000000)
  eden space 132608K, 100% used [0x00000000f5580000,0x00000000fd700000,0x00000000fd700000)
  from space 20992K, 0% used [0x00000000fd700000,0x00000000fd700000,0x00000000feb80000)
  to   space 19968K, 0% used [0x00000000fec80000,0x00000000fec80000,0x0000000100000000)
 ParOldGen       total 349696K, used 180225K [0x00000000e0000000, 0x00000000f5580000, 0x00000000f5580000)
  object space 349696K, 51% used [0x00000000e0000000,0x00000000eb000738,0x00000000f5580000)
 Metaspace       used 127775K, capacity 134454K, committed 140800K, reserved 1171456K
  class space    used 16363K, capacity 17691K, committed 18944K, reserved 1048576K

